2022-04-01 14:17:47,981 [Worker-9: Loading available Gradle versions] INFO  o.e.b.c.i.u.g.PublishedGradleVersions - Gradle version information cache is up-to-date. Trying to read.
2022-04-01 14:18:22,408 [Worker-9: Creating maven-archetype-webapp] INFO  o.e.m.c.i.p.ProjectConfigurationManager - Collecting project info '/pom.xml' C:\kncoffee_project\kncoffee_project\pom.xml
2022-04-01 14:18:25,556 [Worker-9: Creating maven-archetype-webapp] INFO  o.e.m.c.i.l.LifecycleMappingFactory - Using org.maven.ide.eclipse.wtp.WarLifecycleMapping lifecycle mapping for MavenProject: com:kncoffee_project:0.0.1-SNAPSHOT @ C:\kncoffee_project\kncoffee_project\pom.xml.
2022-04-01 14:18:26,732 [Worker-9: Creating maven-archetype-webapp] INFO  o.e.m.j.i.AbstractJavaProjectConfigurator - Adding source folder /kncoffee_project/src/main/java
2022-04-01 14:18:26,733 [Worker-9: Creating maven-archetype-webapp] INFO  o.e.m.j.i.AbstractJavaProjectConfigurator - Adding resource folder /kncoffee_project/src/main/resources
2022-04-01 14:18:26,734 [Worker-9: Creating maven-archetype-webapp] INFO  o.e.m.j.i.AbstractJavaProjectConfigurator - Adding source folder /kncoffee_project/src/test/java
2022-04-01 14:18:27,926 [Worker-9: Creating maven-archetype-webapp] ERROR o.e.m.w.jsf.internal.utils.JSFUtils - An error occurred trying to find javax.faces.webapp.FacesServlet :
java.net.UnknownHostException: java.sun.com
	at java.base/java.net.AbstractPlainSocketImpl.connect(AbstractPlainSocketImpl.java:220)
	at java.base/java.net.Socket.connect(Socket.java:608)
	at java.base/java.net.Socket.connect(Socket.java:557)
	at java.base/sun.net.NetworkClient.doConnect(NetworkClient.java:182)
	at java.base/sun.net.www.http.HttpClient.openServer(HttpClient.java:474)
	at java.base/sun.net.www.http.HttpClient.openServer(HttpClient.java:569)
	at java.base/sun.net.www.http.HttpClient.<init>(HttpClient.java:242)
	at java.base/sun.net.www.http.HttpClient.New(HttpClient.java:341)
	at java.base/sun.net.www.http.HttpClient.New(HttpClient.java:362)
	at java.base/sun.net.www.protocol.http.HttpURLConnection.getNewHttpClient(HttpURLConnection.java:1253)
	at java.base/sun.net.www.protocol.http.HttpURLConnection.plainConnect0(HttpURLConnection.java:1187)
	at java.base/sun.net.www.protocol.http.HttpURLConnection.plainConnect(HttpURLConnection.java:1081)
	at java.base/sun.net.www.protocol.http.HttpURLConnection.connect(HttpURLConnection.java:1015)
	at java.base/sun.net.www.protocol.http.HttpURLConnection.getInputStream0(HttpURLConnection.java:1592)
	at java.base/sun.net.www.protocol.http.HttpURLConnection.getInputStream(HttpURLConnection.java:1520)
	at java.xml/com.sun.org.apache.xerces.internal.impl.XMLEntityManager.setupCurrentEntity(XMLEntityManager.java:676)
	at java.xml/com.sun.org.apache.xerces.internal.impl.XMLEntityManager.startEntity(XMLEntityManager.java:1398)
	at java.xml/com.sun.org.apache.xerces.internal.impl.XMLEntityManager.startDTDEntity(XMLEntityManager.java:1364)
	at java.xml/com.sun.org.apache.xerces.internal.impl.XMLDTDScannerImpl.setInputSource(XMLDTDScannerImpl.java:257)
	at java.xml/com.sun.org.apache.xerces.internal.impl.XMLDocumentScannerImpl$DTDDriver.dispatch(XMLDocumentScannerImpl.java:1152)
	at java.xml/com.sun.org.apache.xerces.internal.impl.XMLDocumentScannerImpl$DTDDriver.next(XMLDocumentScannerImpl.java:1040)
	at java.xml/com.sun.org.apache.xerces.internal.impl.XMLDocumentScannerImpl$PrologDriver.next(XMLDocumentScannerImpl.java:943)
	at java.xml/com.sun.org.apache.xerces.internal.impl.XMLDocumentScannerImpl.next(XMLDocumentScannerImpl.java:605)
	at java.xml/com.sun.org.apache.xerces.internal.impl.XMLDocumentFragmentScannerImpl.scanDocument(XMLDocumentFragmentScannerImpl.java:534)
	at java.xml/com.sun.org.apache.xerces.internal.parsers.XML11Configuration.parse(XML11Configuration.java:888)
	at java.xml/com.sun.org.apache.xerces.internal.parsers.XML11Configuration.parse(XML11Configuration.java:824)
	at java.xml/com.sun.org.apache.xerces.internal.parsers.XMLParser.parse(XMLParser.java:141)
	at java.xml/com.sun.org.apache.xerces.internal.parsers.DOMParser.parse(DOMParser.java:246)
	at java.xml/com.sun.org.apache.xerces.internal.jaxp.DocumentBuilderImpl.parse(DocumentBuilderImpl.java:339)
	at java.xml/javax.xml.parsers.DocumentBuilder.parse(DocumentBuilder.java:122)
	at org.eclipse.m2e.wtp.jsf.internal.utils.JSFUtils.hasFacesServlet(JSFUtils.java:141)
	at org.eclipse.m2e.wtp.jsf.internal.utils.JSFUtils.hasFacesServlet(JSFUtils.java:117)
	at org.eclipse.m2e.wtp.jsf.internal.configurators.WebXmlJSFFacetDetector.hasFacesServletInWebXml(WebXmlJSFFacetDetector.java:82)
	at org.eclipse.m2e.wtp.jsf.internal.configurators.WebXmlJSFFacetDetector.findFacetVersion(WebXmlJSFFacetDetector.java:57)
	at org.eclipse.m2e.wtp.facets.FacetDetectorManager.findFacetVersion(FacetDetectorManager.java:93)
	at org.eclipse.m2e.wtp.facets.FacetDetectorManager.findFacetVersion(FacetDetectorManager.java:63)
	at org.eclipse.m2e.wtp.jsf.internal.configurators.JSFProjectConfigurator.configureInternal(JSFProjectConfigurator.java:95)
	at org.eclipse.m2e.wtp.jsf.internal.configurators.JSFProjectConfigurator.configure(JSFProjectConfigurator.java:70)
	at org.eclipse.m2e.core.project.configurator.AbstractLifecycleMapping.configure(AbstractLifecycleMapping.java:122)
	at org.eclipse.m2e.core.internal.project.ProjectConfigurationManager.lambda$2(ProjectConfigurationManager.java:511)
	at org.eclipse.m2e.core.internal.embedder.MavenExecutionContext.executeBare(MavenExecutionContext.java:179)
	at org.eclipse.m2e.core.internal.embedder.MavenExecutionContext.execute(MavenExecutionContext.java:153)
	at org.eclipse.m2e.core.internal.project.ProjectConfigurationManager.updateProjectConfiguration(ProjectConfigurationManager.java:505)
	at org.eclipse.m2e.core.internal.project.ProjectConfigurationManager.configureNewMavenProjects(ProjectConfigurationManager.java:296)
	at org.eclipse.m2e.core.internal.project.ProjectConfigurationManager.lambda$0(ProjectConfigurationManager.java:176)
	at org.eclipse.m2e.core.internal.embedder.MavenExecutionContext.executeBare(MavenExecutionContext.java:179)
	at org.eclipse.m2e.core.internal.embedder.MavenExecutionContext.execute(MavenExecutionContext.java:114)
	at org.eclipse.m2e.core.internal.embedder.MavenExecutionContext.execute(MavenExecutionContext.java:101)
	at org.eclipse.m2e.core.internal.embedder.MavenImpl.execute(MavenImpl.java:1374)
	at org.eclipse.m2e.core.internal.project.ProjectConfigurationManager.importProjects(ProjectConfigurationManager.java:146)
	at org.eclipse.m2e.core.internal.project.ProjectConfigurationManager.createArchetypeProjects0(ProjectConfigurationManager.java:861)
	at org.eclipse.m2e.core.internal.project.ProjectConfigurationManager.lambda$3(ProjectConfigurationManager.java:792)
	at org.eclipse.m2e.core.internal.embedder.MavenExecutionContext.executeBare(MavenExecutionContext.java:179)
	at org.eclipse.m2e.core.internal.embedder.MavenExecutionContext.execute(MavenExecutionContext.java:153)
	at org.eclipse.m2e.core.internal.embedder.MavenExecutionContext.execute(MavenExecutionContext.java:101)
	at org.eclipse.m2e.core.internal.embedder.MavenImpl.execute(MavenImpl.java:1374)
	at org.eclipse.m2e.core.internal.project.ProjectConfigurationManager.createArchetypeProjects(ProjectConfigurationManager.java:792)
	at org.eclipse.m2e.core.ui.internal.wizards.MavenProjectWizard$3.doCreateMavenProjects(MavenProjectWizard.java:232)
	at org.eclipse.m2e.core.ui.internal.wizards.AbstractCreateMavenProjectJob$1.doCreateMavenProjects(AbstractCreateMavenProjectJob.java:65)
	at org.eclipse.m2e.core.ui.internal.wizards.AbstractCreateMavenProjectsOperation.run(AbstractCreateMavenProjectsOperation.java:75)
	at org.eclipse.m2e.core.ui.internal.wizards.AbstractCreateMavenProjectJob.runInWorkspace(AbstractCreateMavenProjectJob.java:69)
	at org.eclipse.core.internal.resources.InternalWorkspaceJob.run(InternalWorkspaceJob.java:42)
	at org.eclipse.core.internal.jobs.Worker.run(Worker.java:63)
2022-04-01 14:18:27,989 [Worker-9: Creating maven-archetype-webapp] INFO  o.e.m.c.i.p.ProjectConfigurationManager - Imported and configured 1 project(s) in 5 sec
2022-04-01 14:18:28,778 [Worker-0: Building] WARN  o.e.m.c.i.embedder.EclipseLogger - Using platform encoding (MS950 actually) to copy filtered resources, i.e. build is platform dependent!
2022-04-01 14:18:28,784 [Worker-0: Building] INFO  o.e.m.c.i.embedder.EclipseLogger - Copying 0 resource
2022-04-01 14:18:28,787 [Worker-0: Building] WARN  o.e.m.c.i.embedder.EclipseLogger - Using platform encoding (MS950 actually) to copy filtered resources, i.e. build is platform dependent!
2022-04-01 14:18:28,788 [Worker-0: Building] INFO  o.e.m.c.i.embedder.EclipseLogger - skip non existing resourceDirectory C:\kncoffee_project\kncoffee_project\src\test\resources
2022-04-01 14:18:44,505 [Worker-1: Building] WARN  o.e.m.c.i.embedder.EclipseLogger - Using platform encoding (MS950 actually) to copy filtered resources, i.e. build is platform dependent!
2022-04-01 14:18:44,508 [Worker-1: Building] INFO  o.e.m.c.i.embedder.EclipseLogger - Copying 0 resource
2022-04-01 14:18:44,510 [Worker-1: Building] WARN  o.e.m.c.i.embedder.EclipseLogger - Using platform encoding (MS950 actually) to copy filtered resources, i.e. build is platform dependent!
2022-04-01 14:18:44,511 [Worker-1: Building] INFO  o.e.m.c.i.embedder.EclipseLogger - skip non existing resourceDirectory C:\kncoffee_project\kncoffee_project\src\test\resources
2022-04-01 14:19:34,668 [Worker-17: Building] INFO  o.e.m.c.i.l.LifecycleMappingFactory - Using org.maven.ide.eclipse.wtp.WarLifecycleMapping lifecycle mapping for MavenProject: com:kncoffee_project:0.0.1-SNAPSHOT @ C:\kncoffee_project\kncoffee_project\pom.xml.
2022-04-01 14:19:36,837 [Worker-17: Building] WARN  o.e.m.c.i.embedder.EclipseLogger - Using platform encoding (MS950 actually) to copy filtered resources, i.e. build is platform dependent!
2022-04-01 14:19:36,840 [Worker-17: Building] INFO  o.e.m.c.i.embedder.EclipseLogger - Copying 0 resource
2022-04-01 14:19:36,843 [Worker-17: Building] WARN  o.e.m.c.i.embedder.EclipseLogger - Using platform encoding (MS950 actually) to copy filtered resources, i.e. build is platform dependent!
2022-04-01 14:19:36,844 [Worker-17: Building] INFO  o.e.m.c.i.embedder.EclipseLogger - skip non existing resourceDirectory C:\kncoffee_project\kncoffee_project\src\test\resources
2022-04-01 14:19:36,844 [Worker-17: Building] INFO  o.e.m.w.i.f.ResourceFilteringBuildParticipant - Changed resources require a complete clean of filtered resources of kncoffee_project
2022-04-01 14:19:36,845 [Worker-17: Building] INFO  o.e.m.w.i.f.ResourceFilteringBuildParticipant - Executing resource filtering for kncoffee_project
2022-04-01 14:19:36,851 [Worker-17: Building] WARN  o.e.m.c.i.embedder.EclipseLogger - Using platform encoding (MS950 actually) to copy filtered resources, i.e. build is platform dependent!
2022-04-01 14:19:39,179 [Worker-4: Building] WARN  o.e.m.c.i.embedder.EclipseLogger - Using platform encoding (MS950 actually) to copy filtered resources, i.e. build is platform dependent!
2022-04-01 14:19:39,181 [Worker-4: Building] INFO  o.e.m.c.i.embedder.EclipseLogger - Copying 0 resource
2022-04-01 14:19:39,182 [Worker-4: Building] WARN  o.e.m.c.i.embedder.EclipseLogger - Using platform encoding (MS950 actually) to copy filtered resources, i.e. build is platform dependent!
2022-04-01 14:19:39,183 [Worker-4: Building] INFO  o.e.m.c.i.embedder.EclipseLogger - skip non existing resourceDirectory C:\kncoffee_project\kncoffee_project\src\test\resources
2022-04-01 14:21:30,146 [Worker-15: Building] WARN  o.e.m.c.i.embedder.EclipseLogger - Using platform encoding (MS950 actually) to copy filtered resources, i.e. build is platform dependent!
2022-04-01 14:21:30,152 [Worker-15: Building] INFO  o.e.m.c.i.embedder.EclipseLogger - Copying 0 resource
2022-04-01 14:21:30,154 [Worker-15: Building] WARN  o.e.m.c.i.embedder.EclipseLogger - Using platform encoding (MS950 actually) to copy filtered resources, i.e. build is platform dependent!
2022-04-01 14:21:30,154 [Worker-15: Building] INFO  o.e.m.c.i.embedder.EclipseLogger - skip non existing resourceDirectory C:\kncoffee_project\kncoffee_project\src\test\resources
2022-04-01 14:21:36,408 [Worker-20: Building] WARN  o.e.m.c.i.embedder.EclipseLogger - Using platform encoding (MS950 actually) to copy filtered resources, i.e. build is platform dependent!
2022-04-01 14:21:36,409 [Worker-20: Building] INFO  o.e.m.c.i.embedder.EclipseLogger - Copying 0 resource
2022-04-01 14:21:36,410 [Worker-20: Building] WARN  o.e.m.c.i.embedder.EclipseLogger - Using platform encoding (MS950 actually) to copy filtered resources, i.e. build is platform dependent!
2022-04-01 14:21:36,411 [Worker-20: Building] INFO  o.e.m.c.i.embedder.EclipseLogger - skip non existing resourceDirectory C:\kncoffee_project\kncoffee_project\src\test\resources
2022-04-01 14:21:50,982 [Worker-15: Building] WARN  o.e.m.c.i.embedder.EclipseLogger - Using platform encoding (MS950 actually) to copy filtered resources, i.e. build is platform dependent!
2022-04-01 14:21:50,984 [Worker-15: Building] INFO  o.e.m.c.i.embedder.EclipseLogger - Copying 0 resource
2022-04-01 14:21:50,986 [Worker-15: Building] WARN  o.e.m.c.i.embedder.EclipseLogger - Using platform encoding (MS950 actually) to copy filtered resources, i.e. build is platform dependent!
2022-04-01 14:21:50,987 [Worker-15: Building] INFO  o.e.m.c.i.embedder.EclipseLogger - skip non existing resourceDirectory C:\kncoffee_project\kncoffee_project\src\test\resources
2022-04-01 14:22:06,136 [Worker-15: Building] WARN  o.e.m.c.i.embedder.EclipseLogger - Using platform encoding (MS950 actually) to copy filtered resources, i.e. build is platform dependent!
2022-04-01 14:22:06,137 [Worker-15: Building] INFO  o.e.m.c.i.embedder.EclipseLogger - Copying 0 resource
2022-04-01 14:22:06,139 [Worker-15: Building] WARN  o.e.m.c.i.embedder.EclipseLogger - Using platform encoding (MS950 actually) to copy filtered resources, i.e. build is platform dependent!
2022-04-01 14:22:06,139 [Worker-15: Building] INFO  o.e.m.c.i.embedder.EclipseLogger - skip non existing resourceDirectory C:\kncoffee_project\kncoffee_project\src\test\resources
2022-04-01 14:22:11,154 [Worker-10: Building] WARN  o.e.m.c.i.embedder.EclipseLogger - Using platform encoding (MS950 actually) to copy filtered resources, i.e. build is platform dependent!
2022-04-01 14:22:11,155 [Worker-10: Building] INFO  o.e.m.c.i.embedder.EclipseLogger - Copying 0 resource
2022-04-01 14:22:11,156 [Worker-10: Building] WARN  o.e.m.c.i.embedder.EclipseLogger - Using platform encoding (MS950 actually) to copy filtered resources, i.e. build is platform dependent!
2022-04-01 14:22:11,157 [Worker-10: Building] INFO  o.e.m.c.i.embedder.EclipseLogger - skip non existing resourceDirectory C:\kncoffee_project\kncoffee_project\src\test\resources
2022-04-01 14:22:15,807 [Worker-21: Building] WARN  o.e.m.c.i.embedder.EclipseLogger - Using platform encoding (MS950 actually) to copy filtered resources, i.e. build is platform dependent!
2022-04-01 14:22:15,808 [Worker-21: Building] INFO  o.e.m.c.i.embedder.EclipseLogger - Copying 0 resource
2022-04-01 14:22:15,809 [Worker-21: Building] WARN  o.e.m.c.i.embedder.EclipseLogger - Using platform encoding (MS950 actually) to copy filtered resources, i.e. build is platform dependent!
2022-04-01 14:22:15,810 [Worker-21: Building] INFO  o.e.m.c.i.embedder.EclipseLogger - skip non existing resourceDirectory C:\kncoffee_project\kncoffee_project\src\test\resources
2022-04-01 14:22:17,299 [Worker-10: Building] WARN  o.e.m.c.i.embedder.EclipseLogger - Using platform encoding (MS950 actually) to copy filtered resources, i.e. build is platform dependent!
2022-04-01 14:22:17,300 [Worker-10: Building] INFO  o.e.m.c.i.embedder.EclipseLogger - Copying 0 resource
2022-04-01 14:22:17,302 [Worker-10: Building] WARN  o.e.m.c.i.embedder.EclipseLogger - Using platform encoding (MS950 actually) to copy filtered resources, i.e. build is platform dependent!
2022-04-01 14:22:17,303 [Worker-10: Building] INFO  o.e.m.c.i.embedder.EclipseLogger - skip non existing resourceDirectory C:\kncoffee_project\kncoffee_project\src\test\resources
2022-04-01 14:22:18,434 [Worker-21: Building] WARN  o.e.m.c.i.embedder.EclipseLogger - Using platform encoding (MS950 actually) to copy filtered resources, i.e. build is platform dependent!
2022-04-01 14:22:18,436 [Worker-21: Building] INFO  o.e.m.c.i.embedder.EclipseLogger - Copying 0 resource
2022-04-01 14:22:18,437 [Worker-21: Building] WARN  o.e.m.c.i.embedder.EclipseLogger - Using platform encoding (MS950 actually) to copy filtered resources, i.e. build is platform dependent!
2022-04-01 14:22:18,438 [Worker-21: Building] INFO  o.e.m.c.i.embedder.EclipseLogger - skip non existing resourceDirectory C:\kncoffee_project\kncoffee_project\src\test\resources
2022-04-01 14:22:19,671 [Worker-15: Building] WARN  o.e.m.c.i.embedder.EclipseLogger - Using platform encoding (MS950 actually) to copy filtered resources, i.e. build is platform dependent!
2022-04-01 14:22:19,672 [Worker-15: Building] INFO  o.e.m.c.i.embedder.EclipseLogger - Copying 0 resource
2022-04-01 14:22:19,673 [Worker-15: Building] WARN  o.e.m.c.i.embedder.EclipseLogger - Using platform encoding (MS950 actually) to copy filtered resources, i.e. build is platform dependent!
2022-04-01 14:22:19,673 [Worker-15: Building] INFO  o.e.m.c.i.embedder.EclipseLogger - skip non existing resourceDirectory C:\kncoffee_project\kncoffee_project\src\test\resources
2022-04-01 14:22:20,768 [Worker-10: Building] WARN  o.e.m.c.i.embedder.EclipseLogger - Using platform encoding (MS950 actually) to copy filtered resources, i.e. build is platform dependent!
2022-04-01 14:22:20,769 [Worker-10: Building] INFO  o.e.m.c.i.embedder.EclipseLogger - Copying 0 resource
2022-04-01 14:22:20,771 [Worker-10: Building] WARN  o.e.m.c.i.embedder.EclipseLogger - Using platform encoding (MS950 actually) to copy filtered resources, i.e. build is platform dependent!
2022-04-01 14:22:20,771 [Worker-10: Building] INFO  o.e.m.c.i.embedder.EclipseLogger - skip non existing resourceDirectory C:\kncoffee_project\kncoffee_project\src\test\resources
2022-04-01 14:22:31,968 [Worker-15: Building] WARN  o.e.m.c.i.embedder.EclipseLogger - Using platform encoding (MS950 actually) to copy filtered resources, i.e. build is platform dependent!
2022-04-01 14:22:31,970 [Worker-15: Building] INFO  o.e.m.c.i.embedder.EclipseLogger - Copying 0 resource
2022-04-01 14:22:31,971 [Worker-15: Building] WARN  o.e.m.c.i.embedder.EclipseLogger - Using platform encoding (MS950 actually) to copy filtered resources, i.e. build is platform dependent!
2022-04-01 14:22:31,972 [Worker-15: Building] INFO  o.e.m.c.i.embedder.EclipseLogger - skip non existing resourceDirectory C:\kncoffee_project\kncoffee_project\src\test\resources
2022-04-01 14:22:36,406 [Worker-23: Building] WARN  o.e.m.c.i.embedder.EclipseLogger - Using platform encoding (MS950 actually) to copy filtered resources, i.e. build is platform dependent!
2022-04-01 14:22:36,408 [Worker-23: Building] INFO  o.e.m.c.i.embedder.EclipseLogger - Copying 0 resource
2022-04-01 14:22:36,410 [Worker-23: Building] WARN  o.e.m.c.i.embedder.EclipseLogger - Using platform encoding (MS950 actually) to copy filtered resources, i.e. build is platform dependent!
2022-04-01 14:22:36,411 [Worker-23: Building] INFO  o.e.m.c.i.embedder.EclipseLogger - skip non existing resourceDirectory C:\kncoffee_project\kncoffee_project\src\test\resources
2022-04-01 14:22:39,799 [Worker-23: Building] WARN  o.e.m.c.i.embedder.EclipseLogger - Using platform encoding (MS950 actually) to copy filtered resources, i.e. build is platform dependent!
2022-04-01 14:22:39,800 [Worker-23: Building] INFO  o.e.m.c.i.embedder.EclipseLogger - Copying 0 resource
2022-04-01 14:22:39,802 [Worker-23: Building] WARN  o.e.m.c.i.embedder.EclipseLogger - Using platform encoding (MS950 actually) to copy filtered resources, i.e. build is platform dependent!
2022-04-01 14:22:39,803 [Worker-23: Building] INFO  o.e.m.c.i.embedder.EclipseLogger - skip non existing resourceDirectory C:\kncoffee_project\kncoffee_project\src\test\resources
2022-04-01 14:22:44,645 [Worker-23: Building] WARN  o.e.m.c.i.embedder.EclipseLogger - Using platform encoding (MS950 actually) to copy filtered resources, i.e. build is platform dependent!
2022-04-01 14:22:44,646 [Worker-23: Building] INFO  o.e.m.c.i.embedder.EclipseLogger - Copying 0 resource
2022-04-01 14:22:44,648 [Worker-23: Building] WARN  o.e.m.c.i.embedder.EclipseLogger - Using platform encoding (MS950 actually) to copy filtered resources, i.e. build is platform dependent!
2022-04-01 14:22:44,649 [Worker-23: Building] INFO  o.e.m.c.i.embedder.EclipseLogger - skip non existing resourceDirectory C:\kncoffee_project\kncoffee_project\src\test\resources
2022-04-01 14:22:53,545 [Worker-21: Building] WARN  o.e.m.c.i.embedder.EclipseLogger - Using platform encoding (MS950 actually) to copy filtered resources, i.e. build is platform dependent!
2022-04-01 14:22:53,546 [Worker-21: Building] INFO  o.e.m.c.i.embedder.EclipseLogger - Copying 0 resource
2022-04-01 14:22:53,547 [Worker-21: Building] WARN  o.e.m.c.i.embedder.EclipseLogger - Using platform encoding (MS950 actually) to copy filtered resources, i.e. build is platform dependent!
2022-04-01 14:22:53,547 [Worker-21: Building] INFO  o.e.m.c.i.embedder.EclipseLogger - skip non existing resourceDirectory C:\kncoffee_project\kncoffee_project\src\test\resources
2022-04-01 14:22:57,358 [Worker-20: Building] WARN  o.e.m.c.i.embedder.EclipseLogger - Using platform encoding (MS950 actually) to copy filtered resources, i.e. build is platform dependent!
2022-04-01 14:22:57,359 [Worker-20: Building] INFO  o.e.m.c.i.embedder.EclipseLogger - Copying 0 resource
2022-04-01 14:22:57,360 [Worker-20: Building] WARN  o.e.m.c.i.embedder.EclipseLogger - Using platform encoding (MS950 actually) to copy filtered resources, i.e. build is platform dependent!
2022-04-01 14:22:57,361 [Worker-20: Building] INFO  o.e.m.c.i.embedder.EclipseLogger - skip non existing resourceDirectory C:\kncoffee_project\kncoffee_project\src\test\resources
2022-04-01 14:23:10,467 [Worker-21: Building] WARN  o.e.m.c.i.embedder.EclipseLogger - Using platform encoding (MS950 actually) to copy filtered resources, i.e. build is platform dependent!
2022-04-01 14:23:10,468 [Worker-21: Building] INFO  o.e.m.c.i.embedder.EclipseLogger - Copying 0 resource
2022-04-01 14:23:10,469 [Worker-21: Building] WARN  o.e.m.c.i.embedder.EclipseLogger - Using platform encoding (MS950 actually) to copy filtered resources, i.e. build is platform dependent!
2022-04-01 14:23:10,469 [Worker-21: Building] INFO  o.e.m.c.i.embedder.EclipseLogger - skip non existing resourceDirectory C:\kncoffee_project\kncoffee_project\src\test\resources
2022-04-01 14:23:15,774 [Worker-21: Building] WARN  o.e.m.c.i.embedder.EclipseLogger - Using platform encoding (MS950 actually) to copy filtered resources, i.e. build is platform dependent!
2022-04-01 14:23:15,776 [Worker-21: Building] INFO  o.e.m.c.i.embedder.EclipseLogger - Copying 0 resource
2022-04-01 14:23:15,777 [Worker-21: Building] WARN  o.e.m.c.i.embedder.EclipseLogger - Using platform encoding (MS950 actually) to copy filtered resources, i.e. build is platform dependent!
2022-04-01 14:23:15,778 [Worker-21: Building] INFO  o.e.m.c.i.embedder.EclipseLogger - skip non existing resourceDirectory C:\kncoffee_project\kncoffee_project\src\test\resources
2022-04-01 14:23:56,458 [Worker-23: Building] WARN  o.e.m.c.i.embedder.EclipseLogger - Using platform encoding (MS950 actually) to copy filtered resources, i.e. build is platform dependent!
2022-04-01 14:23:56,459 [Worker-23: Building] INFO  o.e.m.c.i.embedder.EclipseLogger - Copying 0 resource
2022-04-01 14:23:56,460 [Worker-23: Building] WARN  o.e.m.c.i.embedder.EclipseLogger - Using platform encoding (MS950 actually) to copy filtered resources, i.e. build is platform dependent!
2022-04-01 14:23:56,461 [Worker-23: Building] INFO  o.e.m.c.i.embedder.EclipseLogger - skip non existing resourceDirectory C:\kncoffee_project\kncoffee_project\src\test\resources
2022-04-01 14:24:12,813 [Worker-15: Building] WARN  o.e.m.c.i.embedder.EclipseLogger - Using platform encoding (MS950 actually) to copy filtered resources, i.e. build is platform dependent!
2022-04-01 14:24:12,814 [Worker-15: Building] INFO  o.e.m.c.i.embedder.EclipseLogger - Copying 0 resource
2022-04-01 14:24:12,815 [Worker-15: Building] WARN  o.e.m.c.i.embedder.EclipseLogger - Using platform encoding (MS950 actually) to copy filtered resources, i.e. build is platform dependent!
2022-04-01 14:24:12,815 [Worker-15: Building] INFO  o.e.m.c.i.embedder.EclipseLogger - skip non existing resourceDirectory C:\kncoffee_project\kncoffee_project\src\test\resources
2022-04-01 14:28:04,213 [Worker-20: Building] WARN  o.e.m.c.i.embedder.EclipseLogger - Using platform encoding (MS950 actually) to copy filtered resources, i.e. build is platform dependent!
2022-04-01 14:28:04,214 [Worker-20: Building] INFO  o.e.m.c.i.embedder.EclipseLogger - Copying 0 resource
2022-04-01 14:28:04,215 [Worker-20: Building] WARN  o.e.m.c.i.embedder.EclipseLogger - Using platform encoding (MS950 actually) to copy filtered resources, i.e. build is platform dependent!
2022-04-01 14:28:04,216 [Worker-20: Building] INFO  o.e.m.c.i.embedder.EclipseLogger - skip non existing resourceDirectory C:\kncoffee_project\kncoffee_project\src\test\resources
2022-04-01 14:28:11,090 [Worker-20: Building] WARN  o.e.m.c.i.embedder.EclipseLogger - Using platform encoding (MS950 actually) to copy filtered resources, i.e. build is platform dependent!
2022-04-01 14:28:11,091 [Worker-20: Building] INFO  o.e.m.c.i.embedder.EclipseLogger - Copying 0 resource
2022-04-01 14:28:11,093 [Worker-20: Building] WARN  o.e.m.c.i.embedder.EclipseLogger - Using platform encoding (MS950 actually) to copy filtered resources, i.e. build is platform dependent!
2022-04-01 14:28:11,094 [Worker-20: Building] INFO  o.e.m.c.i.embedder.EclipseLogger - skip non existing resourceDirectory C:\kncoffee_project\kncoffee_project\src\test\resources
2022-04-01 14:28:19,018 [Worker-25: Building] WARN  o.e.m.c.i.embedder.EclipseLogger - Using platform encoding (MS950 actually) to copy filtered resources, i.e. build is platform dependent!
2022-04-01 14:28:19,019 [Worker-25: Building] INFO  o.e.m.c.i.embedder.EclipseLogger - Copying 0 resource
2022-04-01 14:28:19,020 [Worker-25: Building] WARN  o.e.m.c.i.embedder.EclipseLogger - Using platform encoding (MS950 actually) to copy filtered resources, i.e. build is platform dependent!
2022-04-01 14:28:19,020 [Worker-25: Building] INFO  o.e.m.c.i.embedder.EclipseLogger - skip non existing resourceDirectory C:\kncoffee_project\kncoffee_project\src\test\resources
2022-04-01 14:29:45,824 [Worker-20: Building] WARN  o.e.m.c.i.embedder.EclipseLogger - Using platform encoding (MS950 actually) to copy filtered resources, i.e. build is platform dependent!
2022-04-01 14:29:45,826 [Worker-20: Building] INFO  o.e.m.c.i.embedder.EclipseLogger - Copying 0 resource
2022-04-01 14:29:45,827 [Worker-20: Building] WARN  o.e.m.c.i.embedder.EclipseLogger - Using platform encoding (MS950 actually) to copy filtered resources, i.e. build is platform dependent!
2022-04-01 14:29:45,828 [Worker-20: Building] INFO  o.e.m.c.i.embedder.EclipseLogger - skip non existing resourceDirectory C:\kncoffee_project\kncoffee_project\src\test\resources
2022-04-01 14:32:31,435 [Worker-2: Loading available Gradle versions] INFO  o.e.b.c.i.u.g.PublishedGradleVersions - Gradle version information cache is out-of-date. Trying to update.
2022-04-01 14:32:34,881 [Worker-7: Building] WARN  o.e.m.c.i.embedder.EclipseLogger - Using platform encoding (MS950 actually) to copy filtered resources, i.e. build is platform dependent!
2022-04-01 14:32:34,891 [Worker-7: Building] INFO  o.e.m.c.i.embedder.EclipseLogger - Copying 0 resource
2022-04-01 14:32:34,895 [Worker-7: Building] WARN  o.e.m.c.i.embedder.EclipseLogger - Using platform encoding (MS950 actually) to copy filtered resources, i.e. build is platform dependent!
2022-04-01 14:32:34,896 [Worker-7: Building] INFO  o.e.m.c.i.embedder.EclipseLogger - skip non existing resourceDirectory C:\kncoffee_project\kncoffee_project\src\test\resources
2022-04-01 14:37:38,903 [Worker-21: Building] WARN  o.e.m.c.i.embedder.EclipseLogger - Using platform encoding (MS950 actually) to copy filtered resources, i.e. build is platform dependent!
2022-04-01 14:37:38,909 [Worker-21: Building] INFO  o.e.m.c.i.embedder.EclipseLogger - Copying 0 resource
2022-04-01 14:37:38,911 [Worker-21: Building] WARN  o.e.m.c.i.embedder.EclipseLogger - Using platform encoding (MS950 actually) to copy filtered resources, i.e. build is platform dependent!
2022-04-01 14:37:38,913 [Worker-21: Building] INFO  o.e.m.c.i.embedder.EclipseLogger - skip non existing resourceDirectory C:\kncoffee_project\kncoffee_project\src\test\resources
2022-04-01 14:37:40,936 [Worker-21: Building] WARN  o.e.m.c.i.embedder.EclipseLogger - Using platform encoding (MS950 actually) to copy filtered resources, i.e. build is platform dependent!
2022-04-01 14:37:40,938 [Worker-21: Building] INFO  o.e.m.c.i.embedder.EclipseLogger - Copying 0 resource
2022-04-01 14:37:40,940 [Worker-21: Building] WARN  o.e.m.c.i.embedder.EclipseLogger - Using platform encoding (MS950 actually) to copy filtered resources, i.e. build is platform dependent!
2022-04-01 14:37:40,942 [Worker-21: Building] INFO  o.e.m.c.i.embedder.EclipseLogger - skip non existing resourceDirectory C:\kncoffee_project\kncoffee_project\src\test\resources
2022-04-09 12:36:22,979 [Worker-6: Loading available Gradle versions] INFO  o.e.b.c.i.u.g.PublishedGradleVersions - Gradle version information cache is up-to-date. Trying to read.
2022-04-09 12:36:32,818 [Worker-14: Building] WARN  o.e.m.c.i.embedder.EclipseLogger - Using platform encoding (MS950 actually) to copy filtered resources, i.e. build is platform dependent!
2022-04-09 12:36:32,827 [Worker-14: Building] INFO  o.e.m.c.i.embedder.EclipseLogger - Copying 0 resource
2022-04-09 12:36:32,830 [Worker-14: Building] WARN  o.e.m.c.i.embedder.EclipseLogger - Using platform encoding (MS950 actually) to copy filtered resources, i.e. build is platform dependent!
2022-04-09 12:36:32,831 [Worker-14: Building] INFO  o.e.m.c.i.embedder.EclipseLogger - skip non existing resourceDirectory C:\kncoffee_project\kncoffee_project\src\test\resources
2022-04-09 12:48:12,490 [Worker-21: Building] WARN  o.e.m.c.i.embedder.EclipseLogger - Using platform encoding (MS950 actually) to copy filtered resources, i.e. build is platform dependent!
2022-04-09 12:48:12,495 [Worker-21: Building] INFO  o.e.m.c.i.embedder.EclipseLogger - Copying 0 resource
2022-04-09 12:48:12,498 [Worker-21: Building] WARN  o.e.m.c.i.embedder.EclipseLogger - Using platform encoding (MS950 actually) to copy filtered resources, i.e. build is platform dependent!
2022-04-09 12:48:12,499 [Worker-21: Building] INFO  o.e.m.c.i.embedder.EclipseLogger - skip non existing resourceDirectory C:\kncoffee_project\kncoffee_project\src\test\resources
2022-04-09 12:48:41,772 [Worker-22: Building] WARN  o.e.m.c.i.embedder.EclipseLogger - Using platform encoding (MS950 actually) to copy filtered resources, i.e. build is platform dependent!
2022-04-09 12:48:41,773 [Worker-22: Building] INFO  o.e.m.c.i.embedder.EclipseLogger - Copying 0 resource
2022-04-09 12:48:41,775 [Worker-22: Building] WARN  o.e.m.c.i.embedder.EclipseLogger - Using platform encoding (MS950 actually) to copy filtered resources, i.e. build is platform dependent!
2022-04-09 12:48:41,776 [Worker-22: Building] INFO  o.e.m.c.i.embedder.EclipseLogger - skip non existing resourceDirectory C:\kncoffee_project\kncoffee_project\src\test\resources
2022-04-09 12:49:31,196 [Worker-20: Building] WARN  o.e.m.c.i.embedder.EclipseLogger - Using platform encoding (MS950 actually) to copy filtered resources, i.e. build is platform dependent!
2022-04-09 12:49:31,197 [Worker-20: Building] INFO  o.e.m.c.i.embedder.EclipseLogger - Copying 0 resource
2022-04-09 12:49:31,198 [Worker-20: Building] WARN  o.e.m.c.i.embedder.EclipseLogger - Using platform encoding (MS950 actually) to copy filtered resources, i.e. build is platform dependent!
2022-04-09 12:49:31,199 [Worker-20: Building] INFO  o.e.m.c.i.embedder.EclipseLogger - skip non existing resourceDirectory C:\kncoffee_project\kncoffee_project\src\test\resources
